<?xml version="1.0" encoding="UTF-8"?>
<!-- Generated by org.testng.reporters.JUnitReportReporter -->
<testsuite hostname="MAA-5CG1168Q66" failures="0" tests="1" name="test.NewClass" time="3.878" errors="0" timestamp="2022-08-29T08:59:51 IST" skipped="0">
  <testcase classname="test.NewClass" name="name" time="3.878"/>
</testsuite> <!-- test.NewClass -->
